make.exe all --print-data-base --no-builtin-variables --no-builtin-rules --question
# GNU Make 3.81
# Copyright (C) 2006  Free Software Foundation, Inc.
# This is free software; see the source for copying conditions.
# There is NO warranty; not even for MERCHANTABILITY or FITNESS FOR A
# PARTICULAR PURPOSE.

# This program built for i386-pc-mingw32
 

# Make data base, printed on Fri Jul 29 21:30:24 2022

# Variables

# automatic
<D = $(patsubst %/,%,$(dir $<))
# automatic
?F = $(notdir $?)
# makefile
MAKEFLAGS = Rrqp
# automatic
?D = $(patsubst %/,%,$(dir $?))
# automatic
@D = $(patsubst %/,%,$(dir $@))
# environment
HOMEDRIVE = C:
# automatic
@F = $(notdir $@)
# automatic
^D = $(patsubst %/,%,$(dir $^))
# makefile
CURDIR := e:/Abhishek/Go/Simple_bank
# default
SHELL := E:/cygwin64/bin/sh.exe
# environment
WINDIR = C:\WINDOWS
# environment
VSCODE_NLS_C 
ONFIG = {"locale":"en-us","availableLanguages":{},"_languagePackSupport":true}
# environment
ONEDRIVE = C:\Users\Abhishek\OneDrive
# environment
PATHEXT = .COM;.EXE;.BAT;.CMD;.VBS;.VBE;.JS;.JSE;.WSF;.WSH;.MSC
# makefile (from `makefile', line 1)
MAKEFILE_LIST :=  makefile
# environment
GO111MODULE = on
# environment
TMP = C:\Users\Abhishek\AppData\Local\Temp
# environment
VSCODE_AMD_ENTRYPOINT = vs/workbench/api/node/extensionHostProcess
# environment
PROGRAMW6432 = C:\Program Files
# environment
PROGRAMDATA = C:\ProgramData
# environment
VSCODE_CWD = E:\Program Files\Microsoft VS Code
# environment
GOPROXY = https://proxy.golang.org,direct
# environment
PATH = E:\Program Files\Go\bin;C:\WINDOWS\system32;C:\WINDOWS;C:\WINDOWS\System32\Wbem;C:\WINDOWS\System32\WindowsPowerShell\v1.0\;C:\WINDOWS\System32\OpenSSH\;C:\Program Files\Git\cmd;E:\cygwin64\bin;E:\Abhishek\AndroidStudio\jre\bin;C:\Program Files\dotnet\;C:\Program Files\Docker\Docker\resources\bin;C:\ProgramData\DockerDesktop\version-bin;E:\Program Files (x86)\GnuWin32\bin;C:\Users\Abhishek\scoop\shims;C:\Program Files\MySQL\MySQL Shell 8.0\bin\;C:\Users\Abhishek\AppData\Local\Microsoft\WindowsApps;E:\Program Files\Microsoft VS Code\bin;E:\Abhishek\Go\Path\bin;E:\Abhishek\Go\Abhi\bin;
# environment
COMMONPROGRAMW6432 = C:\Program Files\Common Files
# environment
ZES_ENABLE_SYSMAN = 1
# environment
PROCESSOR_ARCHITECTURE = x86
# environment
USERPROFILE = C:\Users\Abhishek
# environment
ALLUSERSPROFILE = C:\ProgramData
# environment
GOPATH = E:\Abhishek\Go\ 
Path;E:\Abhishek\Go\Abhi
# environment
GOCACHE = E:\Abhishek\Go\Cache
# environment
NUMBER_OF_PROCESSORS = 8
# environment
ELECTRON_RUN_AS_NODE = 1
# default
.FEATURES := target-specific order-only second-expansion else-if archives
# automatic
%F = $(notdir $%)
# environment
ANDROID_SDK_HOME = E:\sdk\Sdk
# environment
CHROME_CRASHPAD_PIPE_NAME = \\.\pipe\crashpad_5288_APHKCXCFPKMSOZMD
# environment
COMPUTERNAME = LAPTOP-FLOBU6NU
# environment
GOENV = E:\Abhishek\Go\Env
# environment
PROGRAMFILES = C:\Program Files (x86)
# environment
DRIVERDATA = C:\Windows\System32\Drivers\DriverData
# environment
ORIGINAL_XDG_CURRENT_DESKTOP = undefined
# environment
USERNAME = Abhishek
# environment
PUBLIC = C:\Users\Public
# environment
GOMODCACHE = E:\Abhishek\Go\Path\pkg\mod
# environment
VSCODE_CODE_CACHE_PATH = C:\Users\Abhishek\AppData\Roaming\Code\CachedData\3b889b090b5ad5793f524b5d1d39fda662b96a2a
# environment
APPLICATION_INSIGHTS_NO_DIAGNOSTIC_CHANNEL = 1
# environment
COMMONPROGRAMFILES = C:\Program Files (x86)\ 
Common Files
# environment
LOGONSERVER = \\LAPTOP-FLOBU6NU
# environment
ONEDRIVECONSUMER = C:\Users\Abhishek\OneDrive
# environment
VSCODE_HANDLES_UNCAUGHT_ERRORS = true
# environment
USERDOMAIN = LAPTOP-FLOBU6NU
# environment
MAKE = E:\Program Files (x86)\GnuWin32\bin\make.exe
# default
MAKECMDGOALS := all
# environment
JAVA_HOME = E:\Abhishek\AndroidStudio\jre
# default
MAKE_VERSION := 3.81
# makefile
.DEFAULT_GOAL := postgres
# environment
GOROOT = E:\Program Files\Go
# environment
PROGRAMFILES(X86) = C 
:\Program Files (x86)
# automatic
%D = $(patsubst %/,%,$(dir $%))
# environment
LOCALAPPDATA = C:\Users\Abhishek\AppData\Local
# environment
PSMODULEPATH = C:\Program Files\WindowsPowerShell\Modules;C:\WINDOWS\system32\WindowsPowerShell\v1.0\Modules
# default
MAKE_COMMAND := make.exe
# environment
PROCESSOR_ARCHITEW6432 = AMD64
# default
.VARIABLES := 
# automatic
*F = $(notdir $*)
# environment
PROCESSOR_IDENTIFIER = Intel64 Family 6 Model 142 Stepping 12, GenuineIntel
# environment
OS = Windows_NT
# envir 
onment
VSCODE_IPC_HOOK = \\.\pipe\65db682375ed75e70aca149b1530a331-1.69.2-main-sock
# environment
HOMEPATH = \Users\Abhishek
# environment
COMMONPROGRAMFILES(X86) = C:\Program Files (x86)\Common Files
# environment
PROMPT = $P$G
# environment
MFLAGS = -Rrqp
# automatic
*D = $(patsubst %/,%,$(dir $*))
# environment
SYSTEMROOT = C:\WINDOWS
# automatic
+D = $(patsubst %/,%,$(dir $+))
# automatic
+F = $(notdir $+)
# environment
APPDATA = C:\Users\Abhishek\AppData\Roaming
# environment
TEMP = C:\Users\Abhishek\A 
ppData\Local\Temp
# environment
COMSPEC = C:\WINDOWS\system32\cmd.exe
# default
MAKEFILES := 
# automatic
<F = $(notdir $<)
# environment
LC_ALL = C
# automatic
^F = $(notdir $^)
# default
SUFFIXES := 
# environment
SYSTEMDRIVE = C:
# environment
SESSIONNAME = Console
# environment
PROCESSOR_REVISION = 8e0c
# environment
ANDROID_AVD_HOME = E:\sdk\Sdk\.android\avd
# environment
MAKELEVEL := 0
# environment
LANG = C
# environment
PROCESSOR_LEVEL = 6
# environment
VSCODE_PID = 5288
# environment
USERDOMAIN_ROA 
MINGPROFILE = LAPTOP-FLOBU6NU
# variable set hash-table stats:
# Load=93/1024=9%, Rehash=0, Collisions=10/113=9%

# Pattern-specific Variable Values

# No pattern-specific variable values.

# Directories

# E:\Program Files\Go\bin (key E:/Program Files/Go/bin, mtime 1650174842): 4 files, no impossibilities.
# C:\WINDOWS\System32\WindowsPowerShell\v1.0\ (key C:/WINDOWS/System32/WindowsPowerShell/v1.0/, mtime 1622903042): 30 files, no impossibilities.
# C:\WINDOWS\System32\Wbem (key C:/WINDOWS/System32/Wbem,  
mtime 1655570412): 170 files, no impossibilities.
# . (key e:/Abhishek/Go/Simple_bank, mtime 1658647494): 10 files, no impossibilities.
# C:\WINDOWS\System32\OpenSSH\: could not be stat'd.
# C:\WINDOWS (key C:/WINDOWS, mtime 1658209598): 125 files, no impossibilities.
# E:\cygwin64\bin (key E:/cygwin64/bin, mtime 1651132955): 274 files, no impossibilities so far.
# C:\Program Files\Git\cmd (key C:/Program Files/Git/cmd, mtime 1649837220): 8 files, no impossibilities.
# C:\WINDOWS\system32 (key C:/WINDOWS/sy 
stem32, mtime 1659065149): 2914 files, no impossibilities.

# 3535 files, no impossibilities in 9 directories.

# Implicit Rules

# No implicit rules.

# Files

postgres:
#  Phony target (prerequisite of .PHONY).
#  Implicit rule search has not been done.
#  File does not exist.
#  File has not been updated.
#  commands to execute (from `makefile', line 2):
	docker run --name myPostgres -p 5432:5432 -e POSTGRES_USER=root -e POSTGRES_PASSWORD=secret -d postgres
	

# Not a target:
all:
#  Command-line target. 

#  Implicit rule search has been done.
#  File does not exist.
#  File has not been updated.
# variable set hash-table stats:
# Load=0/32=0%, Rehash=0, Collisions=0/0=0%

.PHONY: postgres createdb dropdb migrateup migratedown sqlc
#  Implicit rule search has not been done.
#  Modification time never checked.
#  File has not been updated.

sqlc:
#  Phony target (prerequisite of .PHONY).
#  Implicit rule search has not been done.
#  File does not exist.
#  File has not been updated.
#  commands to execute (f 
rom `makefile', line 20):
	docker run --rm -v $(CURDIR):/src -w /src kjconroy/sqlc generate
	

# Not a target:
.DEFAULT:
#  Implicit rule search has not been done.
#  Modification time never checked.
#  File has not been updated.

start-postgres:
#  Implicit rule search has not been done.
#  Modification time never checked.
#  File has not been updated.
#  commands to execute (from `makefile', line 5):
	docker start myPostgres
	

test:
#  Implicit rule search has not been done.
#  Modification time never ch 
ecked.
#  File has not been updated.
#  commands to execute (from `makefile', line 23):
	go test -v -cover ./...
	

# Not a target:
makefile:
#  Implicit rule search has been done.
#  Last modified 2022-07-24 13:09:29
#  File has been updated.
#  Successfully updated.
# variable set hash-table stats:
# Load=0/32=0%, Rehash=0, Collisions=0/0=0%

createdb:
#  Phony target (prerequisite of .PHONY).
#  Implicit rule search has not been done.
#  File does not exist.
#  File has not been updated.
#  commands to e 
xecute (from `makefile', line 8):
	docker exec -it myPostgres createdb --username=root --owner=root simple_bank
	

# Not a target:
.SUFFIXES:
#  Implicit rule search has not been done.
#  Modification time never checked.
#  File has not been updated.

dropdb:
#  Phony target (prerequisite of .PHONY).
#  Implicit rule search has not been done.
#  File does not exist.
#  File has not been updated.
#  commands to execute (from `makefile', line 11):
	docker exec -it myPostgres dropdb simple_bank
	

migrateup:
# 
  Phony target (prerequisite of .PHONY).
#  Implicit rule search has not been done.
#  File does not exist.
#  File has not been updated.
#  commands to execute (from `makefile', line 14):
	migrate -path db/migration -database "postgresql://root:secret@localhost:5432/simple_bank?sslmode=disable" -verbose up
	

migratedown:
#  Phony target (prerequisite of .PHONY).
#  Implicit rule search has not been done.
#  File does not exist.
#  File has not been updated.
#  commands to execute (from `makefile', line 17 
):
	migrate -path db/migration -database "postgresql://root:secret@localhost:5432/simple_bank?sslmode=disable" -verbose down
	

# files hash-table stats:
# Load=13/1024=1%, Rehash=0, Collisions=0/30=0%
# VPATH Search Paths

# No `vpath' search paths.

# No general (`VPATH' variable) search path.

# # of strings in strcache: 1
# # of strcache buffers: 1
# strcache size: total = 4096 / max = 4096 / min = 4096 / avg = 4096
# strcache free: total = 4087 / max = 4087 / min = 4087 / avg = 4087

# Finished Make da 
make.exe: *** No rule to make target `all'.  Stop.

ta base on Fri Jul 29 21:30:24 2022

 
